2023-03-11 22:23:22,599 - INFO  - Square Root -- Input : 2 Output : 1.4142135623730951
2023-03-11 22:23:25,219 - INFO  - Factorial -- Input : 6 Output : 720.0
2023-03-11 22:23:27,391 - INFO  - Square Root -- Input : 3 Output : 1.7320508075688772
2023-03-11 22:23:29,405 - INFO  - Factorial -- Input : 8 Output : 40320.0
2023-03-11 23:39:49,085 - INFO  - Square Root -- Input : 3 Output : 1.7320508075688772
2023-03-11 23:41:01,579 - INFO  - Factorial -- Input : 6 Output : 720.0
2023-03-11 23:59:04,991 - INFO  - Factorial -- Input : 6 Output : 720.0
2023-03-11 23:59:04,994 - INFO  - Square Root -- Input : 5 Output : 2.23606797749979
2023-03-11 23:59:04,995 - INFO  - Factorial -- Input : 5 Output : 120.0
2023-03-11 23:59:04,996 - INFO  - Square Root -- Input : 4 Output : 2.0
2023-03-12 00:00:11,669 - INFO  - Factorial -- Input : 6 Output : 720.0
2023-03-12 00:00:11,672 - INFO  - Square Root -- Input : 5 Output : 2.23606797749979
2023-03-12 00:00:11,673 - INFO  - Factorial -- Input : 5 Output : 120.0
2023-03-12 00:00:11,674 - INFO  - Square Root -- Input : 4 Output : 2.0
2023-03-12 00:09:04,969 - INFO  - Factorial -- Input : 6 Output : 720.0
2023-03-12 00:09:04,973 - INFO  - Square Root -- Input : 5 Output : 2.23606797749979
2023-03-12 00:09:04,974 - INFO  - Factorial -- Input : 5 Output : 120.0
2023-03-12 00:09:04,975 - INFO  - Square Root -- Input : 4 Output : 2.0
2023-03-12 00:25:58,287 - INFO  - Factorial -- Input : 6 Output : 720.0
2023-03-12 00:25:58,291 - INFO  - Square Root -- Input : 5 Output : 2.23606797749979
2023-03-12 00:25:58,291 - INFO  - Factorial -- Input : 5 Output : 120.0
2023-03-12 00:25:58,292 - INFO  - Square Root -- Input : 4 Output : 2.0
2023-03-15 01:33:24,714 - INFO  - Square Root -- Input : 5 Output : 2.23606797749979
2023-03-15 01:33:28,169 - INFO  - Power -- Input : 4 Output : 64.0
2023-03-15 01:33:32,846 - INFO  - Natural Logarithm -- Input : 10 Output : 2.302585092994046
2023-03-15 01:33:36,126 - INFO  - Factorial -- Input : 5 Output : 120.0
2023-03-15 01:33:53,271 - INFO  - Factorial -- Input : 6 Output : 720.0
2023-03-15 01:33:53,274 - INFO  - Square Root -- Input : 5 Output : 2.23606797749979
2023-03-15 01:33:53,275 - INFO  - Factorial -- Input : 5 Output : 120.0
2023-03-15 01:33:53,275 - INFO  - Square Root -- Input : 4 Output : 2.0
2023-03-15 01:37:01,018 - INFO  - Factorial -- Input : 6 Output : 720.0
2023-03-15 01:37:01,021 - INFO  - Square Root -- Input : 5 Output : 2.23606797749979
2023-03-15 01:37:01,023 - INFO  - Natural Logarithm -- Input : 21 Output : 3.044522437723423
2023-03-15 01:37:01,024 - INFO  - Factorial -- Input : 5 Output : 120.0
2023-03-15 01:37:01,025 - INFO  - Power -- Input : 5 Output : 125.0
2023-03-15 01:37:01,026 - INFO  - Square Root -- Input : 4 Output : 2.0
2023-03-15 01:37:47,492 - INFO  - Factorial -- Input : 6 Output : 720.0
2023-03-15 01:37:47,495 - INFO  - Square Root -- Input : 5 Output : 2.23606797749979
2023-03-15 01:37:47,497 - INFO  - Natural Logarithm -- Input : 21 Output : 3.044522437723423
2023-03-15 01:37:47,500 - INFO  - Power -- Input : 5 Output : 125.0
2023-03-15 01:37:47,505 - INFO  - Natural Logarithm -- Input : 21 Output : 3.044522437723423
2023-03-15 01:37:47,506 - INFO  - Factorial -- Input : 5 Output : 120.0
2023-03-15 01:37:47,506 - INFO  - Power -- Input : 5 Output : 125.0
2023-03-15 01:37:47,507 - INFO  - Square Root -- Input : 4 Output : 2.0
2023-03-15 01:38:17,331 - INFO  - Factorial -- Input : 6 Output : 720.0
2023-03-15 01:38:17,334 - INFO  - Square Root -- Input : 5 Output : 2.23606797749979
2023-03-15 01:38:17,336 - INFO  - Natural Logarithm -- Input : 21 Output : 3.044522437723423
2023-03-15 01:38:17,344 - INFO  - Power -- Input : 5 Output : 125.0
2023-03-15 01:38:17,344 - INFO  - Natural Logarithm -- Input : 21 Output : 3.044522437723423
2023-03-15 01:38:17,345 - INFO  - Factorial -- Input : 5 Output : 120.0
2023-03-15 01:38:17,345 - INFO  - Power -- Input : 5 Output : 125.0
2023-03-15 01:38:17,346 - INFO  - Square Root -- Input : 4 Output : 2.0
2023-03-15 01:38:41,520 - INFO  - Factorial -- Input : 6 Output : 720.0
2023-03-15 01:38:41,523 - INFO  - Square Root -- Input : 5 Output : 2.23606797749979
2023-03-15 01:38:41,525 - INFO  - Natural Logarithm -- Input : 21 Output : 3.044522437723423
2023-03-15 01:38:41,527 - INFO  - Power -- Input : 5 Output : 125.0
2023-03-15 01:38:41,528 - INFO  - Natural Logarithm -- Input : 21 Output : 3.044522437723423
2023-03-15 01:38:41,528 - INFO  - Factorial -- Input : 5 Output : 120.0
2023-03-15 01:38:41,529 - INFO  - Power -- Input : 5 Output : 125.0
2023-03-15 01:38:41,529 - INFO  - Square Root -- Input : 4 Output : 2.0
2023-03-15 16:32:51,477 - INFO  - Power -- Input : a = 1 b = 3 Output : 1.0
2023-03-15 16:36:15,576 - INFO  - Power -- Input : a = 9 b = 10 Output : 3.486784401E9
2023-03-15 16:36:30,849 - INFO  - Power -- Input : a = 9 b = 3 Output : 729.0
2023-03-15 16:37:27,423 - INFO  - Factorial -- Input : 6 Output : 720.0
2023-03-15 16:37:27,426 - INFO  - Square Root -- Input : 5 Output : 2.23606797749979
2023-03-15 16:37:27,428 - INFO  - Natural Logarithm -- Input : 21 Output : 3.044522437723423
2023-03-15 16:37:27,439 - INFO  - Power -- Input : a = 5 b = 3 Output : 125.0
2023-03-15 16:37:27,440 - INFO  - Natural Logarithm -- Input : 21 Output : 3.044522437723423
2023-03-15 16:37:27,440 - INFO  - Factorial -- Input : 5 Output : 120.0
2023-03-15 16:37:27,440 - INFO  - Power -- Input : a = 5 b = 3 Output : 125.0
2023-03-15 16:37:27,441 - INFO  - Square Root -- Input : 4 Output : 2.0
2023-03-15 16:37:35,855 - INFO  - Factorial -- Input : 6 Output : 720.0
2023-03-15 16:37:35,858 - INFO  - Square Root -- Input : 5 Output : 2.23606797749979
2023-03-15 16:37:35,860 - INFO  - Natural Logarithm -- Input : 21 Output : 3.044522437723423
2023-03-15 16:37:35,872 - INFO  - Power -- Input : a = 5 b = 3 Output : 125.0
2023-03-15 16:37:35,872 - INFO  - Natural Logarithm -- Input : 21 Output : 3.044522437723423
2023-03-15 16:37:35,873 - INFO  - Factorial -- Input : 5 Output : 120.0
2023-03-15 16:37:35,873 - INFO  - Power -- Input : a = 5 b = 3 Output : 125.0
2023-03-15 16:37:35,874 - INFO  - Square Root -- Input : 4 Output : 2.0
2023-03-16 10:30:07,918 - INFO  - Factorial -- Input : 6 Output : 720.0
2023-03-16 10:30:07,922 - INFO  - Square Root -- Input : 5 Output : 2.23606797749979
2023-03-16 10:30:07,924 - INFO  - Natural Logarithm -- Input : 21 Output : 3.044522437723423
2023-03-16 10:30:07,936 - INFO  - Power -- Input : a = 5 b = 3 Output : 125.0
2023-03-16 10:30:07,937 - INFO  - Natural Logarithm -- Input : 21 Output : 3.044522437723423
2023-03-16 10:30:07,937 - INFO  - Factorial -- Input : 5 Output : 120.0
2023-03-16 10:30:07,938 - INFO  - Power -- Input : a = 5 b = 3 Output : 125.0
2023-03-16 10:30:07,939 - INFO  - Square Root -- Input : 4 Output : 2.0
2023-03-16 10:30:44,181 - INFO  - Factorial -- Input : 6 Output : 720.0
2023-03-16 10:30:44,185 - INFO  - Square Root -- Input : 5 Output : 2.23606797749979
2023-03-16 10:30:44,187 - INFO  - Natural Logarithm -- Input : 21 Output : 3.044522437723423
2023-03-16 10:30:44,203 - INFO  - Power -- Input : a = 5 b = 3 Output : 125.0
2023-03-16 10:30:44,204 - INFO  - Natural Logarithm -- Input : 21 Output : 3.044522437723423
2023-03-16 10:30:44,204 - INFO  - Factorial -- Input : 5 Output : 120.0
2023-03-16 10:30:44,205 - INFO  - Power -- Input : a = 5 b = 3 Output : 125.0
2023-03-16 10:30:44,205 - INFO  - Square Root -- Input : 4 Output : 2.0
2023-03-16 10:36:15,964 - INFO  - Factorial -- Input : 6 Output : 720.0
2023-03-16 10:36:15,967 - INFO  - Square Root -- Input : 5 Output : 2.23606797749979
2023-03-16 10:36:15,969 - INFO  - Natural Logarithm -- Input : 21 Output : 3.044522437723423
2023-03-16 10:36:15,980 - INFO  - Power -- Input : a = 5 b = 3 Output : 125.0
2023-03-16 10:36:15,981 - INFO  - Natural Logarithm -- Input : 21 Output : 3.044522437723423
2023-03-16 10:36:15,981 - INFO  - Factorial -- Input : 5 Output : 120.0
2023-03-16 10:36:15,982 - INFO  - Power -- Input : a = 5 b = 3 Output : 125.0
2023-03-16 10:36:15,982 - INFO  - Square Root -- Input : 4 Output : 2.0
  